<?xml version="1.0" encoding="UTF-8"?><testsuite errors="0" failures="1" name="The user is on the main page where they want to apply in the recruitment option to be hired" skipped="0" tests="1" time="39.11" timestamp="2024-07-23 03:12:32"><testcase name="It is validated that the user is hired when applying"><failure message="Expected enabled element was not enabled" type="net.thucydides.core.webdriver.exceptions.ElementShouldBeEnabledException">Expected enabled element was not enabled</failure><system-err>Expected enabled element was not enabled&#13;
com.orangehrm.demo.reto.tasks.SaveProccessHire.performAs(SaveProccessHire.java:18)&#13;
com.orangehrm.demo.reto.stepdefinitions.RecruitmentStepDefinitions.theUserMakesHisApplication(RecruitmentStepDefinitions.java:35)&#13;
cucumber.runner.Runner.runPickle(Runner.java:80)&#13;
worker.org.gradle.process.internal.worker.GradleWorkerMain.run(GradleWorkerMain.java:69)&#13;
worker.org.gradle.process.internal.worker.GradleWorkerMain.main(GradleWorkerMain.java:74)&#13;
</system-err></testcase></testsuite>